01:32:42.527 Config: {
	"UseFrontend": false,
	"UseMatchmaker": false,
	"UseHTTPS": false,
	"UseAuthentication": false,
	"LogToFile": true,
	"HomepageFile": "/www/player.html",
	"AdditionalRoutes": {},
	"EnableWebserver": true,
	"MatchmakerAddress": "",
	"MatchmakerPort": "9999",
	"PublicIp": "localhost",
	"HttpPort": 80,
	"HttpsPort": 443,
	"StreamerPort": 3000
}
01:32:42.570 No peerConnectionConfig
01:32:42.573 Running Cirrus - The Pixel Streaming reference implementation signalling server for Unreal Engine 4.27.
01:32:42.587 SET Port:3000
01:32:42.588 WebSocket listening to Streamer connections on :3000
01:32:42.589 WebSocket listening to Players connections on :80
01:32:42.590 Http listening on *: 80
