02:03:43.239 Config: {
	"UseFrontend": false,
	"UseMatchmaker": false,
	"UseHTTPS": false,
	"UseAuthentication": false,
	"LogToFile": true,
	"HomepageFile": "/www/player.html",
	"AdditionalRoutes": {},
	"EnableWebserver": true,
	"MatchmakerAddress": "",
	"MatchmakerPort": "9999",
	"PublicIp": "localhost",
	"HttpPort": 80,
	"HttpsPort": 443,
	"StreamerPort": 8888
}
02:03:43.298 No peerConnectionConfig
02:04:01.288 Running Cirrus - The Pixel Streaming reference implementation signalling server for Unreal Engine 4.27.
02:04:01.305 SET Port:8888
02:04:24.447 WebSocket listening to Streamer connections on :8888
02:04:24.447 WebSocket listening to Players connections on :80
02:04:28.997 Http listening on *: 6::::80
