01:42:46.441 Config: {
	"UseFrontend": false,
	"UseMatchmaker": false,
	"UseHTTPS": false,
	"UseAuthentication": false,
	"LogToFile": true,
	"HomepageFile": "/www/player.html",
	"AdditionalRoutes": {},
	"EnableWebserver": true,
	"MatchmakerAddress": "",
	"MatchmakerPort": "9999",
	"PublicIp": "localhost",
	"HttpPort": 80,
	"HttpsPort": 443,
	"StreamerPort": 8888
}
01:42:46.488 No peerConnectionConfig
01:42:46.491 Running Cirrus - The Pixel Streaming reference implementation signalling server for Unreal Engine 4.27.
01:42:46.507 SET Port:8888
01:42:46.508 WebSocket listening to Streamer connections on :8888
01:42:46.508 WebSocket listening to Players connections on :80
01:42:46.509 Http listening on *: 80
