01:19:33.779 Config: {
	"UseFrontend": false,
	"UseMatchmaker": false,
	"UseHTTPS": false,
	"UseAuthentication": false,
	"LogToFile": true,
	"HomepageFile": "/www/player.html",
	"AdditionalRoutes": {},
	"EnableWebserver": true,
	"MatchmakerAddress": "",
	"MatchmakerPort": "9999",
	"PublicIp": "localhost",
	"HttpPort": 80,
	"HttpsPort": 443,
	"StreamerPort": 3000
}
01:19:33.824 No peerConnectionConfig
01:19:33.828 Running Cirrus - The Pixel Streaming reference implementation signalling server for Unreal Engine 4.27.
01:19:37.495 WebSocket listening to Streamer connections on :3000
01:19:37.495 WebSocket listening to Players connections on :80
01:19:37.497 Http listening on *: 80
