01:29:37.329 Config: {
	"UseFrontend": false,
	"UseMatchmaker": false,
	"UseHTTPS": false,
	"UseAuthentication": false,
	"LogToFile": true,
	"HomepageFile": "/www/player.html",
	"AdditionalRoutes": {},
	"EnableWebserver": true,
	"MatchmakerAddress": "",
	"MatchmakerPort": "9999",
	"PublicIp": "localhost",
	"HttpPort": 80,
	"HttpsPort": 443,
	"StreamerPort": 3000
}
01:29:37.369 No peerConnectionConfig
01:29:37.371 Running Cirrus - The Pixel Streaming reference implementation signalling server for Unreal Engine 4.27.
01:29:37.383 SET Port:3000
01:29:37.384 WebSocket listening to Streamer connections on :3000
01:29:37.385 WebSocket listening to Players connections on :80
01:29:37.386 Http listening on *: 80
